Using pre-set license
Built from '2020.3/china_unity/release' branch; Version is '2020.3.0f1c1 (1e553bf703d9) revision 1987899'; Using compiler version '192528614'; Build Type 'Release'
OS: 'Windows 10 Education; OS build 19042.1052; Version 2009; 64bit' Language: 'zh' Physical Memory: 32587 MB
BatchMode: 1, IsHumanControllingUs: 0, StartBugReporterOnCrash: 0, Is64bit: 1, IsPro: 0

 COMMAND LINE ARGUMENTS:
C:\Program Files\Unity\Hub\Editor\2020.3.0f1c1\Editor\Unity.exe
-adb2
-batchMode
-noUpm
-name
AssetImportWorker0
-projectPath
D:/MyGame/Unity技术总结/classUnityWebRequest
-logFile
Logs/AssetImportWorker0.log
-srvPort
62482
Successfully changed project path to: D:/MyGame/Unity技术总结/classUnityWebRequest
D:/MyGame/Unity技术总结/classUnityWebRequest
Using Asset Import Pipeline V2.
Refreshing native plugins compatible for Editor in 19.21 ms, found 0 plugins.
Preloading 0 native plugins for Editor in 0.00 ms.
Initialize engine version: 2020.3.0f1c1 (1e553bf703d9)
[Subsystems] Discovering subsystems at path C:/Program Files/Unity/Hub/Editor/2020.3.0f1c1/Editor/Data/Resources/UnitySubsystems
[Subsystems] Discovering subsystems at path D:/MyGame/Unity技术总结/classUnityWebRequest/Assets
GfxDevice: creating device client; threaded=0
Direct3D:
    Version:  Direct3D 11.0 [level 11.1]
    Renderer: NVIDIA TITAN Xp (ID=0x1b02)
    Vendor:   
    VRAM:     12146 MB
    Driver:   27.21.14.6079
Initialize mono
Mono path[0] = 'C:/Program Files/Unity/Hub/Editor/2020.3.0f1c1/Editor/Data/Managed'
Mono path[1] = 'C:/Program Files/Unity/Hub/Editor/2020.3.0f1c1/Editor/Data/MonoBleedingEdge/lib/mono/unityjit'
Mono config path = 'C:/Program Files/Unity/Hub/Editor/2020.3.0f1c1/Editor/Data/MonoBleedingEdge/etc'
Using monoOptions --debugger-agent=transport=dt_socket,embedding=1,server=y,suspend=n,address=127.0.0.1:56852
Begin MonoManager ReloadAssembly
Registering precompiled unity dll's ...
Register platform support module: C:/Program Files/Unity/Hub/Editor/2020.3.0f1c1/Editor/Data/PlaybackEngines/WindowsStandaloneSupport/UnityEditor.WindowsStandalone.Extensions.dll
Registered in 0.002345 seconds.
Native extension for WindowsStandalone target not found
Refreshing native plugins compatible for Editor in 17.80 ms, found 0 plugins.
Preloading 0 native plugins for Editor in 0.00 ms.
Invoked RoslynAnalysisRunner static constructor.
RoslynAnalysisRunner will not be running.
RoslynAnalysisRunner has terminated.
Mono: successfully reloaded assembly
- Completed reload, in  1.516 seconds
Platform modules already initialized, skipping
Registering precompiled user dll's ...
Registered in 0.000383 seconds.
Begin MonoManager ReloadAssembly
Native extension for WindowsStandalone target not found
Refreshing native plugins compatible for Editor in 0.29 ms, found 0 plugins.
Preloading 0 native plugins for Editor in 0.00 ms.
Invoked RoslynAnalysisRunner static constructor.
RoslynAnalysisRunner will not be running.
RoslynAnalysisRunner has terminated.
Mono: successfully reloaded assembly
- Completed reload, in  0.696 seconds
Platform modules already initialized, skipping
========================================================================
Worker process is ready to serve import requests
Launched and connected shader compiler UnityShaderCompiler.exe after 0.13 seconds
Refreshing native plugins compatible for Editor in 0.32 ms, found 0 plugins.
Preloading 0 native plugins for Editor in 0.00 ms.
Unloading 1116 Unused Serialized files (Serialized files now loaded: 0)
System memory in use before: 59.4 MB.
System memory in use after: 59.4 MB.

Unloading 9 unused Assets to reduce memory usage. Loaded Objects now: 1559.
Total: 1.404600 ms (FindLiveObjects: 0.117700 ms CreateObjectMapping: 0.037500 ms MarkObjects: 1.190000 ms  DeleteObjects: 0.058200 ms)

========================================================================
Received Import Request.
  path: Assets/Scenes
  artifactKey: Guid(50f764cc3bb17e94890b134e91333722) Importer(815301076,1909f56bfc062723c751e8b465ee728b)
Start importing Assets/Scenes using Guid(50f764cc3bb17e94890b134e91333722) Importer(815301076,1909f56bfc062723c751e8b465ee728b)  -> (artifact id: '1de7297805b12c8385f524383dc60201') in 0.003068 seconds
  Import took 0.004772 seconds .

========================================================================
Received Import Request.
  Time since last request: 374.226784 seconds.
  path: Assets/Scripts/GameLanch.cs
  artifactKey: Guid(36003409efb6c004da726c0065e03c4b) Importer(815301076,1909f56bfc062723c751e8b465ee728b)
Start importing Assets/Scripts/GameLanch.cs using Guid(36003409efb6c004da726c0065e03c4b) Importer(815301076,1909f56bfc062723c751e8b465ee728b)  -> (artifact id: '8966d9d30ed56a3d0d85be9e075af6d8') in 0.068519 seconds
  Import took 0.070314 seconds .

========================================================================
Received Import Request.
  Time since last request: 0.042504 seconds.
  path: Assets/Scripts/GameLanch.cs
  artifactKey: Guid(36003409efb6c004da726c0065e03c4b) Importer(815301076,1909f56bfc062723c751e8b465ee728b)
Start importing Assets/Scripts/GameLanch.cs using Guid(36003409efb6c004da726c0065e03c4b) Importer(815301076,1909f56bfc062723c751e8b465ee728b)  -> (artifact id: '8966d9d30ed56a3d0d85be9e075af6d8') in 0.001853 seconds
  Import took 0.004147 seconds .

========================================================================
Received Import Request.
  Time since last request: 365.623800 seconds.
  path: Assets/Scripts/GameLanch.cs
  artifactKey: Guid(36003409efb6c004da726c0065e03c4b) Importer(815301076,1909f56bfc062723c751e8b465ee728b)
Start importing Assets/Scripts/GameLanch.cs using Guid(36003409efb6c004da726c0065e03c4b) Importer(815301076,1909f56bfc062723c751e8b465ee728b)  -> (artifact id: '85165d17c10d306779580656308670c0') in 0.001722 seconds
  Import took 0.003355 seconds .

========================================================================
Received Prepare
Registering precompiled user dll's ...
Registered in 0.000361 seconds.
Begin MonoManager ReloadAssembly
Native extension for WindowsStandalone target not found
Refreshing native plugins compatible for Editor in 0.16 ms, found 0 plugins.
Preloading 0 native plugins for Editor in 0.00 ms.
Invoked RoslynAnalysisRunner static constructor.
RoslynAnalysisRunner will not be running.
RoslynAnalysisRunner has terminated.
Mono: successfully reloaded assembly
- Completed reload, in  0.666 seconds
Platform modules already initialized, skipping
Refreshing native plugins compatible for Editor in 0.17 ms, found 0 plugins.
Preloading 0 native plugins for Editor in 0.00 ms.
Unloading 1110 Unused Serialized files (Serialized files now loaded: 0)
System memory in use before: 59.2 MB.
System memory in use after: 59.3 MB.

Unloading 4 unused Assets to reduce memory usage. Loaded Objects now: 1562.
Total: 1.123400 ms (FindLiveObjects: 0.104100 ms CreateObjectMapping: 0.029900 ms MarkObjects: 0.972800 ms  DeleteObjects: 0.015800 ms)

========================================================================
Received Import Request.
  Time since last request: 14.993317 seconds.
  path: Assets/Scripts/Utils/GameUtility.cs
  artifactKey: Guid(29ec76e80c478a447b0a4ef2961df300) Importer(815301076,1909f56bfc062723c751e8b465ee728b)
Start importing Assets/Scripts/Utils/GameUtility.cs using Guid(29ec76e80c478a447b0a4ef2961df300) Importer(815301076,1909f56bfc062723c751e8b465ee728b)  -> (artifact id: '1429abdc7a98f6c772eae0ca628e4662') in 0.003473 seconds
  Import took 0.005545 seconds .

========================================================================
Received Import Request.
  Time since last request: 0.024588 seconds.
  path: Assets/Scripts/Utils/GameUtility.cs
  artifactKey: Guid(29ec76e80c478a447b0a4ef2961df300) Importer(815301076,1909f56bfc062723c751e8b465ee728b)
Start importing Assets/Scripts/Utils/GameUtility.cs using Guid(29ec76e80c478a447b0a4ef2961df300) Importer(815301076,1909f56bfc062723c751e8b465ee728b)  -> (artifact id: '1429abdc7a98f6c772eae0ca628e4662') in 0.001901 seconds
  Import took 0.003528 seconds .

AssetImportWorkerClient::OnTransportError - code=2 error=End of file
