Using pre-set license
Built from '2020.3/china_unity/release' branch; Version is '2020.3.0f1c1 (1e553bf703d9) revision 1987899'; Using compiler version '192528614'; Build Type 'Release'
OS: 'Windows 10 Education; OS build 19042.1052; Version 2009; 64bit' Language: 'zh' Physical Memory: 32587 MB
BatchMode: 1, IsHumanControllingUs: 0, StartBugReporterOnCrash: 0, Is64bit: 1, IsPro: 0

 COMMAND LINE ARGUMENTS:
C:\Program Files\Unity\Hub\Editor\2020.3.0f1c1\Editor\Unity.exe
-adb2
-batchMode
-noUpm
-name
AssetImportWorker0
-projectPath
D:/MyGame/Unity技术总结/class_audio
-logFile
Logs/AssetImportWorker0.log
-srvPort
53606
Successfully changed project path to: D:/MyGame/Unity技术总结/class_audio
D:/MyGame/Unity技术总结/class_audio
Using Asset Import Pipeline V2.
Cannot set VR devices because the platform passed isn't supported by Unity.

Cannot set VR devices because the platform passed isn't supported by Unity.

Cannot set VR devices because the platform passed isn't supported by Unity.

Cannot set VR devices because the platform passed isn't supported by Unity.

Cannot set VR devices because the platform passed isn't supported by Unity.

Cannot set VR devices because the platform passed isn't supported by Unity.

Cannot set VR devices because the platform passed isn't supported by Unity.

Cannot set VR devices because the platform passed isn't supported by Unity.

Cannot set VR devices because the platform passed isn't supported by Unity.

Cannot set VR devices because the platform passed isn't supported by Unity.

Cannot set VR devices because the platform passed isn't supported by Unity.

Refreshing native plugins compatible for Editor in 16.79 ms, found 0 plugins.
Preloading 0 native plugins for Editor in 0.00 ms.
Initialize engine version: 2020.3.0f1c1 (1e553bf703d9)
[Subsystems] Discovering subsystems at path C:/Program Files/Unity/Hub/Editor/2020.3.0f1c1/Editor/Data/Resources/UnitySubsystems
[Subsystems] Discovering subsystems at path D:/MyGame/Unity技术总结/class_audio/Assets
GfxDevice: creating device client; threaded=0
Direct3D:
    Version:  Direct3D 11.0 [level 11.1]
    Renderer: NVIDIA TITAN Xp (ID=0x1b02)
    Vendor:   
    VRAM:     12146 MB
    Driver:   27.21.14.6079
Initialize mono
Mono path[0] = 'C:/Program Files/Unity/Hub/Editor/2020.3.0f1c1/Editor/Data/Managed'
Mono path[1] = 'C:/Program Files/Unity/Hub/Editor/2020.3.0f1c1/Editor/Data/MonoBleedingEdge/lib/mono/unityjit'
Mono config path = 'C:/Program Files/Unity/Hub/Editor/2020.3.0f1c1/Editor/Data/MonoBleedingEdge/etc'
Using monoOptions --debugger-agent=transport=dt_socket,embedding=1,server=y,suspend=n,address=127.0.0.1:56312
Begin MonoManager ReloadAssembly
Registering precompiled unity dll's ...
Register platform support module: C:/Program Files/Unity/Hub/Editor/2020.3.0f1c1/Editor/Data/PlaybackEngines/WindowsStandaloneSupport/UnityEditor.WindowsStandalone.Extensions.dll
Registered in 0.002357 seconds.
Native extension for WindowsStandalone target not found
Refreshing native plugins compatible for Editor in 17.10 ms, found 0 plugins.
Preloading 0 native plugins for Editor in 0.00 ms.
Invoked RoslynAnalysisRunner static constructor.
RoslynAnalysisRunner will not be running.
RoslynAnalysisRunner has terminated.
Mono: successfully reloaded assembly
- Completed reload, in  1.456 seconds
Platform modules already initialized, skipping
Registering precompiled user dll's ...
Registered in 0.000395 seconds.
Begin MonoManager ReloadAssembly
Native extension for WindowsStandalone target not found
Refreshing native plugins compatible for Editor in 0.17 ms, found 0 plugins.
Preloading 0 native plugins for Editor in 0.00 ms.
Invoked RoslynAnalysisRunner static constructor.
RoslynAnalysisRunner will not be running.
RoslynAnalysisRunner has terminated.
Mono: successfully reloaded assembly
- Completed reload, in  0.655 seconds
Platform modules already initialized, skipping
========================================================================
Worker process is ready to serve import requests
Cannot set VR devices because the platform passed isn't supported by Unity.

Cannot set VR devices because the platform passed isn't supported by Unity.

Cannot set VR devices because the platform passed isn't supported by Unity.

Cannot set VR devices because the platform passed isn't supported by Unity.

Cannot set VR devices because the platform passed isn't supported by Unity.

Cannot set VR devices because the platform passed isn't supported by Unity.

Cannot set VR devices because the platform passed isn't supported by Unity.

Cannot set VR devices because the platform passed isn't supported by Unity.

Cannot set VR devices because the platform passed isn't supported by Unity.

Cannot set VR devices because the platform passed isn't supported by Unity.

Cannot set VR devices because the platform passed isn't supported by Unity.

Launched and connected shader compiler UnityShaderCompiler.exe after 0.08 seconds
Refreshing native plugins compatible for Editor in 0.15 ms, found 0 plugins.
Preloading 0 native plugins for Editor in 0.00 ms.
Unloading 1114 Unused Serialized files (Serialized files now loaded: 0)
System memory in use before: 59.6 MB.
System memory in use after: 59.6 MB.

Unloading 9 unused Assets to reduce memory usage. Loaded Objects now: 1557.
Total: 1.472900 ms (FindLiveObjects: 0.116600 ms CreateObjectMapping: 0.028500 ms MarkObjects: 1.282100 ms  DeleteObjects: 0.044600 ms)

========================================================================
Received Import Request.
  path: Assets/scenes
  artifactKey: Guid(4035f79d8bb74d949ba81adfc233f1ff) Importer(815301076,1909f56bfc062723c751e8b465ee728b)
Start importing Assets/scenes using Guid(4035f79d8bb74d949ba81adfc233f1ff) Importer(815301076,1909f56bfc062723c751e8b465ee728b)  -> (artifact id: '626694553ed7e5c7138d38d222560b7a') in 0.003072 seconds
  Import took 0.004465 seconds .

========================================================================
Received Import Request.
  Time since last request: 0.000167 seconds.
  path: Assets/scenes/game_scene.unity
  artifactKey: Guid(fdd32a68c64042e40aff0f6f40b23297) Importer(815301076,1909f56bfc062723c751e8b465ee728b)
Start importing Assets/scenes/game_scene.unity using Guid(fdd32a68c64042e40aff0f6f40b23297) Importer(815301076,1909f56bfc062723c751e8b465ee728b)  -> (artifact id: 'b08a9d2b63cdb6811a023937563f4fe9') in 0.006793 seconds
  Import took 0.008072 seconds .

========================================================================
Received Prepare
Cannot set VR devices because the platform passed isn't supported by Unity.

Cannot set VR devices because the platform passed isn't supported by Unity.

Cannot set VR devices because the platform passed isn't supported by Unity.

Cannot set VR devices because the platform passed isn't supported by Unity.

Cannot set VR devices because the platform passed isn't supported by Unity.

Cannot set VR devices because the platform passed isn't supported by Unity.

Cannot set VR devices because the platform passed isn't supported by Unity.

Cannot set VR devices because the platform passed isn't supported by Unity.

Cannot set VR devices because the platform passed isn't supported by Unity.

Cannot set VR devices because the platform passed isn't supported by Unity.

Cannot set VR devices because the platform passed isn't supported by Unity.

Registering precompiled user dll's ...
Registered in 0.000447 seconds.
Begin MonoManager ReloadAssembly
Native extension for WindowsStandalone target not found
Refreshing native plugins compatible for Editor in 0.19 ms, found 0 plugins.
Preloading 0 native plugins for Editor in 0.00 ms.
Invoked RoslynAnalysisRunner static constructor.
RoslynAnalysisRunner will not be running.
RoslynAnalysisRunner has terminated.
Mono: successfully reloaded assembly
- Completed reload, in  0.681 seconds
Platform modules already initialized, skipping
Refreshing native plugins compatible for Editor in 0.19 ms, found 0 plugins.
Preloading 0 native plugins for Editor in 0.00 ms.
Unloading 1108 Unused Serialized files (Serialized files now loaded: 0)
System memory in use before: 59.3 MB.
System memory in use after: 59.4 MB.

Unloading 4 unused Assets to reduce memory usage. Loaded Objects now: 1560.
Total: 1.298700 ms (FindLiveObjects: 0.134400 ms CreateObjectMapping: 0.042800 ms MarkObjects: 1.108800 ms  DeleteObjects: 0.011400 ms)

AssetImportWorkerClient::OnTransportError - code=2 error=End of file
